<?xml version="1.0" encoding="UTF-8"?>
<testng-results ignored="0" total="1" passed="1" failed="0" skipped="0">
  <reporter-output>
  </reporter-output>
  <suite started-at="2025-04-01T15:16:25 IST" name="Suite" finished-at="2025-04-01T15:16:33 IST" duration-ms="8735">
    <groups>
    </groups>
    <test started-at="2025-04-01T15:16:25 IST" name="Test" finished-at="2025-04-01T15:16:33 IST" duration-ms="8735">
      <class name="maventest.demo.MavenTest">
        <test-method signature="setUp()[pri:0, instance:maventest.demo.MavenTest@7a69b07]" started-at="2025-04-01T15:16:25 IST" name="setUp" finished-at="2025-04-01T15:16:33 IST" duration-ms="8701" status="PASS">
          <reporter-output>
          </reporter-output>
        </test-method> <!-- setUp -->
      </class> <!-- maventest.demo.MavenTest -->
    </test> <!-- Test -->
  </suite> <!-- Suite -->
</testng-results>
